2022-04-25 15:36:10 [background-preinit] INFO  o.h.validator.internal.util.Version - HV000001: Hibernate Validator 6.1.5.Final
2022-04-25 15:36:11 [main] INFO  c.m.demo.config.server.ConfigServer - No active profile set, falling back to default profiles: default
2022-04-25 15:36:14 [main] INFO  o.s.cloud.context.scope.GenericScope - BeanFactory id=9f2b0f5b-a5d0-3e50-ac08-c75b27d86a88
2022-04-25 15:36:14 [main] INFO  o.s.b.w.e.tomcat.TomcatWebServer - Tomcat initialized with port(s): 8888 (http)
2022-04-25 15:36:14 [main] INFO  o.a.coyote.http11.Http11NioProtocol - Initializing ProtocolHandler ["http-nio-8888"]
2022-04-25 15:36:14 [main] INFO  o.a.catalina.core.StandardService - Starting service [Tomcat]
2022-04-25 15:36:14 [main] INFO  o.a.catalina.core.StandardEngine - Starting Servlet engine: [Apache Tomcat/9.0.38]
2022-04-25 15:36:14 [main] INFO  o.a.c.c.C.[Tomcat].[localhost].[/] - Initializing Spring embedded WebApplicationContext
2022-04-25 15:36:14 [main] INFO  o.s.b.w.s.c.ServletWebServerApplicationContext - Root WebApplicationContext: initialization completed in 2859 ms
2022-04-25 15:36:15 [main] INFO  o.s.s.c.ThreadPoolTaskExecutor - Initializing ExecutorService 'applicationTaskExecutor'
2022-04-25 15:36:19 [main] INFO  o.s.s.web.DefaultSecurityFilterChain - Creating filter chain: Ant [pattern='/actuator/**'], []
2022-04-25 15:36:19 [main] INFO  o.s.s.web.DefaultSecurityFilterChain - Creating filter chain: Ant [pattern='/encrypt/**'], []
2022-04-25 15:36:19 [main] INFO  o.s.s.web.DefaultSecurityFilterChain - Creating filter chain: Ant [pattern='/decrypt/**'], []
2022-04-25 15:36:19 [main] INFO  o.s.s.web.DefaultSecurityFilterChain - Creating filter chain: any request, [org.springframework.security.web.context.request.async.WebAsyncManagerIntegrationFilter@76220ef1, org.springframework.security.web.context.SecurityContextPersistenceFilter@2b400bd0, org.springframework.security.web.header.HeaderWriterFilter@6ffbf0ac, org.springframework.security.web.csrf.CsrfFilter@546083d6, org.springframework.security.web.authentication.logout.LogoutFilter@7b2d58e6, org.springframework.security.web.authentication.UsernamePasswordAuthenticationFilter@4654e373, org.springframework.security.web.authentication.ui.DefaultLoginPageGeneratingFilter@573870cb, org.springframework.security.web.authentication.ui.DefaultLogoutPageGeneratingFilter@65ad2b42, org.springframework.security.web.authentication.www.BasicAuthenticationFilter@2ec92631, org.springframework.security.web.savedrequest.RequestCacheAwareFilter@79445efb, org.springframework.security.web.servletapi.SecurityContextHolderAwareRequestFilter@3b66ac74, org.springframework.security.web.authentication.AnonymousAuthenticationFilter@294ebe11, org.springframework.security.web.session.SessionManagementFilter@237aa0c7, org.springframework.security.web.access.ExceptionTranslationFilter@1d06801f, org.springframework.security.web.access.intercept.FilterSecurityInterceptor@4bab78ce]
2022-04-25 15:36:19 [main] INFO  o.s.b.a.e.web.EndpointLinksResolver - Exposing 2 endpoint(s) beneath base path '/actuator'
2022-04-25 15:36:20 [main] INFO  o.a.coyote.http11.Http11NioProtocol - Starting ProtocolHandler ["http-nio-8888"]
2022-04-25 15:36:20 [main] INFO  o.s.b.w.e.tomcat.TomcatWebServer - Tomcat started on port(s): 8888 (http) with context path ''
2022-04-25 15:36:20 [main] INFO  c.m.demo.config.server.ConfigServer - Started ConfigServer in 11.38 seconds (JVM running for 14.448)
2022-04-25 15:36:20 [RMI TCP Connection(3)-192.168.1.102] INFO  o.a.c.c.C.[Tomcat].[localhost].[/] - Initializing Spring DispatcherServlet 'dispatcherServlet'
2022-04-25 15:36:20 [RMI TCP Connection(3)-192.168.1.102] INFO  o.s.web.servlet.DispatcherServlet - Initializing Servlet 'dispatcherServlet'
2022-04-25 15:36:20 [RMI TCP Connection(3)-192.168.1.102] INFO  o.s.web.servlet.DispatcherServlet - Completed initialization in 19 ms
2022-04-25 15:37:16 [http-nio-8888-exec-1] INFO  o.s.c.c.s.e.NativeEnvironmentRepository - Adding property source: file:/var/folders/46/x4k83c9576z3jy0glszz3qyr0000gn/T/config-repo-2446577201739094381/config-client-twitter_to_kafka.yml
2022-04-25 15:37:16 [http-nio-8888-exec-1] INFO  o.s.c.c.s.e.NativeEnvironmentRepository - Adding property source: file:/var/folders/46/x4k83c9576z3jy0glszz3qyr0000gn/T/config-repo-2446577201739094381/config-client.yml
2022-04-25 15:51:12 [SpringContextShutdownHook] INFO  o.s.s.c.ThreadPoolTaskExecutor - Shutting down ExecutorService 'applicationTaskExecutor'
2022-04-25 16:40:29 [background-preinit] INFO  o.h.validator.internal.util.Version - HV000001: Hibernate Validator 6.1.5.Final
2022-04-25 16:40:30 [main] INFO  c.m.demo.config.server.ConfigServer - No active profile set, falling back to default profiles: default
2022-04-25 16:40:32 [main] INFO  o.s.cloud.context.scope.GenericScope - BeanFactory id=9f2b0f5b-a5d0-3e50-ac08-c75b27d86a88
2022-04-25 16:40:34 [main] INFO  o.s.b.w.e.tomcat.TomcatWebServer - Tomcat initialized with port(s): 8888 (http)
2022-04-25 16:40:34 [main] INFO  o.a.coyote.http11.Http11NioProtocol - Initializing ProtocolHandler ["http-nio-8888"]
2022-04-25 16:40:34 [main] INFO  o.a.catalina.core.StandardService - Starting service [Tomcat]
2022-04-25 16:40:34 [main] INFO  o.a.catalina.core.StandardEngine - Starting Servlet engine: [Apache Tomcat/9.0.38]
2022-04-25 16:40:34 [main] INFO  o.a.c.c.C.[Tomcat].[localhost].[/] - Initializing Spring embedded WebApplicationContext
2022-04-25 16:40:34 [main] INFO  o.s.b.w.s.c.ServletWebServerApplicationContext - Root WebApplicationContext: initialization completed in 3575 ms
2022-04-25 16:40:34 [main] INFO  o.s.s.c.ThreadPoolTaskExecutor - Initializing ExecutorService 'applicationTaskExecutor'
2022-04-25 16:40:37 [main] INFO  o.s.s.web.DefaultSecurityFilterChain - Creating filter chain: Ant [pattern='/actuator/**'], []
2022-04-25 16:40:37 [main] INFO  o.s.s.web.DefaultSecurityFilterChain - Creating filter chain: Ant [pattern='/encrypt/**'], []
2022-04-25 16:40:37 [main] INFO  o.s.s.web.DefaultSecurityFilterChain - Creating filter chain: Ant [pattern='/decrypt/**'], []
2022-04-25 16:40:38 [main] INFO  o.s.s.web.DefaultSecurityFilterChain - Creating filter chain: any request, [org.springframework.security.web.context.request.async.WebAsyncManagerIntegrationFilter@42ffbab6, org.springframework.security.web.context.SecurityContextPersistenceFilter@4ad8d36f, org.springframework.security.web.header.HeaderWriterFilter@3a751535, org.springframework.security.web.csrf.CsrfFilter@6e67a8c0, org.springframework.security.web.authentication.logout.LogoutFilter@5b88af70, org.springframework.security.web.authentication.UsernamePasswordAuthenticationFilter@6b3b4f37, org.springframework.security.web.authentication.ui.DefaultLoginPageGeneratingFilter@237aa0c7, org.springframework.security.web.authentication.ui.DefaultLogoutPageGeneratingFilter@7672960e, org.springframework.security.web.authentication.www.BasicAuthenticationFilter@4bab78ce, org.springframework.security.web.savedrequest.RequestCacheAwareFilter@68c4a860, org.springframework.security.web.servletapi.SecurityContextHolderAwareRequestFilter@ad5cffa, org.springframework.security.web.authentication.AnonymousAuthenticationFilter@69bca406, org.springframework.security.web.session.SessionManagementFilter@2f166d61, org.springframework.security.web.access.ExceptionTranslationFilter@546083d6, org.springframework.security.web.access.intercept.FilterSecurityInterceptor@33891646]
2022-04-25 16:40:38 [main] INFO  o.s.b.a.e.web.EndpointLinksResolver - Exposing 2 endpoint(s) beneath base path '/actuator'
2022-04-25 16:40:38 [main] INFO  o.a.coyote.http11.Http11NioProtocol - Starting ProtocolHandler ["http-nio-8888"]
2022-04-25 16:40:38 [main] INFO  o.s.b.w.e.tomcat.TomcatWebServer - Tomcat started on port(s): 8888 (http) with context path ''
2022-04-25 16:40:38 [main] INFO  c.m.demo.config.server.ConfigServer - Started ConfigServer in 10.163 seconds (JVM running for 12.758)
2022-04-25 16:40:38 [RMI TCP Connection(4)-192.168.1.102] INFO  o.a.c.c.C.[Tomcat].[localhost].[/] - Initializing Spring DispatcherServlet 'dispatcherServlet'
2022-04-25 16:40:38 [RMI TCP Connection(4)-192.168.1.102] INFO  o.s.web.servlet.DispatcherServlet - Initializing Servlet 'dispatcherServlet'
2022-04-25 16:40:38 [RMI TCP Connection(4)-192.168.1.102] INFO  o.s.web.servlet.DispatcherServlet - Completed initialization in 12 ms
2022-04-25 16:40:53 [http-nio-8888-exec-1] INFO  o.s.c.c.s.e.NativeEnvironmentRepository - Adding property source: file:/var/folders/46/x4k83c9576z3jy0glszz3qyr0000gn/T/config-repo-13174329531092757134/config-client-twitter_to_kafka.yml
2022-04-25 16:40:53 [http-nio-8888-exec-1] INFO  o.s.c.c.s.e.NativeEnvironmentRepository - Adding property source: file:/var/folders/46/x4k83c9576z3jy0glszz3qyr0000gn/T/config-repo-13174329531092757134/config-client.yml
2022-04-25 16:41:29 [http-nio-8888-exec-2] INFO  o.s.c.c.s.e.NativeEnvironmentRepository - Adding property source: file:/var/folders/46/x4k83c9576z3jy0glszz3qyr0000gn/T/config-repo-13174329531092757134/config-client.yml
2022-04-25 16:44:36 [http-nio-8888-exec-9] INFO  o.s.c.c.s.e.NativeEnvironmentRepository - Adding property source: file:/var/folders/46/x4k83c9576z3jy0glszz3qyr0000gn/T/config-repo-13174329531092757134/config-client.yml
2022-04-25 16:49:07 [http-nio-8888-exec-1] INFO  o.s.c.c.s.e.NativeEnvironmentRepository - Adding property source: file:/var/folders/46/x4k83c9576z3jy0glszz3qyr0000gn/T/config-repo-13174329531092757134/config-client.yml
2022-04-25 16:54:41 [http-nio-8888-exec-3] INFO  o.s.c.c.s.e.NativeEnvironmentRepository - Adding property source: file:/var/folders/46/x4k83c9576z3jy0glszz3qyr0000gn/T/config-repo-13174329531092757134/config-client.yml
2022-04-25 19:16:40 [SpringContextShutdownHook] INFO  o.s.s.c.ThreadPoolTaskExecutor - Shutting down ExecutorService 'applicationTaskExecutor'
2022-04-25 19:21:15 [background-preinit] INFO  o.h.validator.internal.util.Version - HV000001: Hibernate Validator 6.1.5.Final
2022-04-25 19:21:16 [main] INFO  c.m.demo.config.server.ConfigServer - No active profile set, falling back to default profiles: default
2022-04-25 19:21:18 [main] INFO  o.s.cloud.context.scope.GenericScope - BeanFactory id=9f2b0f5b-a5d0-3e50-ac08-c75b27d86a88
2022-04-25 19:21:19 [main] INFO  o.s.b.w.e.tomcat.TomcatWebServer - Tomcat initialized with port(s): 8888 (http)
2022-04-25 19:21:19 [main] INFO  o.a.coyote.http11.Http11NioProtocol - Initializing ProtocolHandler ["http-nio-8888"]
2022-04-25 19:21:19 [main] INFO  o.a.catalina.core.StandardService - Starting service [Tomcat]
2022-04-25 19:21:19 [main] INFO  o.a.catalina.core.StandardEngine - Starting Servlet engine: [Apache Tomcat/9.0.38]
2022-04-25 19:21:19 [main] INFO  o.a.c.c.C.[Tomcat].[localhost].[/] - Initializing Spring embedded WebApplicationContext
2022-04-25 19:21:19 [main] INFO  o.s.b.w.s.c.ServletWebServerApplicationContext - Root WebApplicationContext: initialization completed in 3116 ms
2022-04-25 19:21:19 [main] INFO  o.s.s.c.ThreadPoolTaskExecutor - Initializing ExecutorService 'applicationTaskExecutor'
2022-04-25 19:21:23 [main] INFO  o.s.s.web.DefaultSecurityFilterChain - Creating filter chain: Ant [pattern='/actuator/**'], []
2022-04-25 19:21:23 [main] INFO  o.s.s.web.DefaultSecurityFilterChain - Creating filter chain: Ant [pattern='/encrypt/**'], []
2022-04-25 19:21:23 [main] INFO  o.s.s.web.DefaultSecurityFilterChain - Creating filter chain: Ant [pattern='/decrypt/**'], []
2022-04-25 19:21:23 [main] INFO  o.s.s.web.DefaultSecurityFilterChain - Creating filter chain: any request, [org.springframework.security.web.context.request.async.WebAsyncManagerIntegrationFilter@69e36fe3, org.springframework.security.web.context.SecurityContextPersistenceFilter@57839834, org.springframework.security.web.header.HeaderWriterFilter@103e7c7c, org.springframework.security.web.csrf.CsrfFilter@36cf16a6, org.springframework.security.web.authentication.logout.LogoutFilter@3e28af44, org.springframework.security.web.authentication.UsernamePasswordAuthenticationFilter@1aee6d14, org.springframework.security.web.authentication.ui.DefaultLoginPageGeneratingFilter@12e2f5ab, org.springframework.security.web.authentication.ui.DefaultLogoutPageGeneratingFilter@48d31d25, org.springframework.security.web.authentication.www.BasicAuthenticationFilter@5b59c3d, org.springframework.security.web.savedrequest.RequestCacheAwareFilter@32646ecf, org.springframework.security.web.servletapi.SecurityContextHolderAwareRequestFilter@7b9c2387, org.springframework.security.web.authentication.AnonymousAuthenticationFilter@46188a89, org.springframework.security.web.session.SessionManagementFilter@8b1202a, org.springframework.security.web.access.ExceptionTranslationFilter@1e194966, org.springframework.security.web.access.intercept.FilterSecurityInterceptor@30133a11]
2022-04-25 19:21:23 [main] INFO  o.s.b.a.e.web.EndpointLinksResolver - Exposing 2 endpoint(s) beneath base path '/actuator'
2022-04-25 19:21:23 [main] INFO  o.a.coyote.http11.Http11NioProtocol - Starting ProtocolHandler ["http-nio-8888"]
2022-04-25 19:21:23 [main] INFO  o.s.b.w.e.tomcat.TomcatWebServer - Tomcat started on port(s): 8888 (http) with context path ''
2022-04-25 19:21:23 [main] INFO  c.m.demo.config.server.ConfigServer - Started ConfigServer in 9.808 seconds (JVM running for 12.431)
2022-04-25 19:21:24 [RMI TCP Connection(1)-192.168.1.102] INFO  o.a.c.c.C.[Tomcat].[localhost].[/] - Initializing Spring DispatcherServlet 'dispatcherServlet'
2022-04-25 19:21:24 [RMI TCP Connection(1)-192.168.1.102] INFO  o.s.web.servlet.DispatcherServlet - Initializing Servlet 'dispatcherServlet'
2022-04-25 19:21:24 [RMI TCP Connection(1)-192.168.1.102] INFO  o.s.web.servlet.DispatcherServlet - Completed initialization in 33 ms
2022-04-25 19:21:55 [http-nio-8888-exec-1] INFO  o.s.c.c.s.e.NativeEnvironmentRepository - Adding property source: file:/var/folders/46/x4k83c9576z3jy0glszz3qyr0000gn/T/config-repo-17685065563770640742/config-client-twitter_to_kafka.yml
2022-04-25 19:21:55 [http-nio-8888-exec-1] INFO  o.s.c.c.s.e.NativeEnvironmentRepository - Adding property source: file:/var/folders/46/x4k83c9576z3jy0glszz3qyr0000gn/T/config-repo-17685065563770640742/config-client.yml
2022-04-25 19:22:30 [http-nio-8888-exec-2] INFO  o.s.c.c.s.e.NativeEnvironmentRepository - Adding property source: file:/var/folders/46/x4k83c9576z3jy0glszz3qyr0000gn/T/config-repo-17685065563770640742/config-client.yml
2022-04-25 19:28:06 [SpringContextShutdownHook] INFO  o.s.s.c.ThreadPoolTaskExecutor - Shutting down ExecutorService 'applicationTaskExecutor'
2022-04-25 19:39:36 [background-preinit] INFO  o.h.validator.internal.util.Version - HV000001: Hibernate Validator 6.1.5.Final
2022-04-25 19:39:37 [main] INFO  c.m.demo.config.server.ConfigServer - No active profile set, falling back to default profiles: default
2022-04-25 19:39:39 [main] INFO  o.s.cloud.context.scope.GenericScope - BeanFactory id=9f2b0f5b-a5d0-3e50-ac08-c75b27d86a88
2022-04-25 19:39:40 [main] INFO  o.s.b.w.e.tomcat.TomcatWebServer - Tomcat initialized with port(s): 8888 (http)
2022-04-25 19:39:40 [main] INFO  o.a.coyote.http11.Http11NioProtocol - Initializing ProtocolHandler ["http-nio-8888"]
2022-04-25 19:39:40 [main] INFO  o.a.catalina.core.StandardService - Starting service [Tomcat]
2022-04-25 19:39:40 [main] INFO  o.a.catalina.core.StandardEngine - Starting Servlet engine: [Apache Tomcat/9.0.38]
2022-04-25 19:39:40 [main] INFO  o.a.c.c.C.[Tomcat].[localhost].[/] - Initializing Spring embedded WebApplicationContext
2022-04-25 19:39:40 [main] INFO  o.s.b.w.s.c.ServletWebServerApplicationContext - Root WebApplicationContext: initialization completed in 2465 ms
2022-04-25 19:39:40 [main] INFO  o.s.s.c.ThreadPoolTaskExecutor - Initializing ExecutorService 'applicationTaskExecutor'
2022-04-25 19:39:44 [main] INFO  o.s.s.web.DefaultSecurityFilterChain - Creating filter chain: Ant [pattern='/actuator/**'], []
2022-04-25 19:39:44 [main] INFO  o.s.s.web.DefaultSecurityFilterChain - Creating filter chain: Ant [pattern='/encrypt/**'], []
2022-04-25 19:39:44 [main] INFO  o.s.s.web.DefaultSecurityFilterChain - Creating filter chain: Ant [pattern='/decrypt/**'], []
2022-04-25 19:39:44 [main] INFO  o.s.s.web.DefaultSecurityFilterChain - Creating filter chain: any request, [org.springframework.security.web.context.request.async.WebAsyncManagerIntegrationFilter@4654e373, org.springframework.security.web.context.SecurityContextPersistenceFilter@93f15f6, org.springframework.security.web.header.HeaderWriterFilter@4ad8d36f, org.springframework.security.web.csrf.CsrfFilter@2295566b, org.springframework.security.web.authentication.logout.LogoutFilter@2375a976, org.springframework.security.web.authentication.UsernamePasswordAuthenticationFilter@71f29d91, org.springframework.security.web.authentication.ui.DefaultLoginPageGeneratingFilter@79445efb, org.springframework.security.web.authentication.ui.DefaultLogoutPageGeneratingFilter@2474df51, org.springframework.security.web.authentication.www.BasicAuthenticationFilter@79c1ccf7, org.springframework.security.web.savedrequest.RequestCacheAwareFilter@1dfe5dd1, org.springframework.security.web.servletapi.SecurityContextHolderAwareRequestFilter@fceab5d, org.springframework.security.web.authentication.AnonymousAuthenticationFilter@2864d34d, org.springframework.security.web.session.SessionManagementFilter@68c4a860, org.springframework.security.web.access.ExceptionTranslationFilter@2f166d61, org.springframework.security.web.access.intercept.FilterSecurityInterceptor@f42336c]
2022-04-25 19:39:44 [main] INFO  o.s.b.a.e.web.EndpointLinksResolver - Exposing 2 endpoint(s) beneath base path '/actuator'
2022-04-25 19:39:44 [main] INFO  o.a.coyote.http11.Http11NioProtocol - Starting ProtocolHandler ["http-nio-8888"]
2022-04-25 19:39:44 [main] INFO  o.s.b.w.e.tomcat.TomcatWebServer - Tomcat started on port(s): 8888 (http) with context path ''
2022-04-25 19:39:44 [main] INFO  c.m.demo.config.server.ConfigServer - Started ConfigServer in 8.912 seconds (JVM running for 11.427)
2022-04-25 19:39:45 [RMI TCP Connection(2)-192.168.1.102] INFO  o.a.c.c.C.[Tomcat].[localhost].[/] - Initializing Spring DispatcherServlet 'dispatcherServlet'
2022-04-25 19:39:45 [RMI TCP Connection(2)-192.168.1.102] INFO  o.s.web.servlet.DispatcherServlet - Initializing Servlet 'dispatcherServlet'
2022-04-25 19:39:45 [RMI TCP Connection(2)-192.168.1.102] INFO  o.s.web.servlet.DispatcherServlet - Completed initialization in 16 ms
2022-04-25 19:40:09 [http-nio-8888-exec-1] INFO  o.s.c.c.s.e.NativeEnvironmentRepository - Adding property source: file:/var/folders/46/x4k83c9576z3jy0glszz3qyr0000gn/T/config-repo-6666712424206184963/config-client-twitter_to_kafka.yml
2022-04-25 19:40:09 [http-nio-8888-exec-1] INFO  o.s.c.c.s.e.NativeEnvironmentRepository - Adding property source: file:/var/folders/46/x4k83c9576z3jy0glszz3qyr0000gn/T/config-repo-6666712424206184963/config-client.yml
2022-04-25 19:41:16 [http-nio-8888-exec-3] INFO  o.s.c.c.s.e.NativeEnvironmentRepository - Adding property source: file:/var/folders/46/x4k83c9576z3jy0glszz3qyr0000gn/T/config-repo-6666712424206184963/config-client.yml
2022-04-25 19:44:29 [http-nio-8888-exec-5] INFO  o.s.c.c.s.e.NativeEnvironmentRepository - Adding property source: file:/var/folders/46/x4k83c9576z3jy0glszz3qyr0000gn/T/config-repo-6666712424206184963/config-client.yml
2022-04-25 19:48:14 [SpringContextShutdownHook] INFO  o.s.s.c.ThreadPoolTaskExecutor - Shutting down ExecutorService 'applicationTaskExecutor'
2022-04-25 19:49:06 [background-preinit] INFO  o.h.validator.internal.util.Version - HV000001: Hibernate Validator 6.1.5.Final
2022-04-25 19:49:07 [main] INFO  c.m.demo.config.server.ConfigServer - No active profile set, falling back to default profiles: default
2022-04-25 19:49:09 [main] INFO  o.s.cloud.context.scope.GenericScope - BeanFactory id=9f2b0f5b-a5d0-3e50-ac08-c75b27d86a88
2022-04-25 19:49:10 [main] INFO  o.s.b.w.e.tomcat.TomcatWebServer - Tomcat initialized with port(s): 8888 (http)
2022-04-25 19:49:10 [main] INFO  o.a.coyote.http11.Http11NioProtocol - Initializing ProtocolHandler ["http-nio-8888"]
2022-04-25 19:49:10 [main] INFO  o.a.catalina.core.StandardService - Starting service [Tomcat]
2022-04-25 19:49:10 [main] INFO  o.a.catalina.core.StandardEngine - Starting Servlet engine: [Apache Tomcat/9.0.38]
2022-04-25 19:49:10 [main] INFO  o.a.c.c.C.[Tomcat].[localhost].[/] - Initializing Spring embedded WebApplicationContext
2022-04-25 19:49:10 [main] INFO  o.s.b.w.s.c.ServletWebServerApplicationContext - Root WebApplicationContext: initialization completed in 2963 ms
2022-04-25 19:49:10 [main] INFO  o.s.s.c.ThreadPoolTaskExecutor - Initializing ExecutorService 'applicationTaskExecutor'
2022-04-25 19:49:14 [main] INFO  o.s.s.web.DefaultSecurityFilterChain - Creating filter chain: Ant [pattern='/actuator/**'], []
2022-04-25 19:49:14 [main] INFO  o.s.s.web.DefaultSecurityFilterChain - Creating filter chain: Ant [pattern='/encrypt/**'], []
2022-04-25 19:49:14 [main] INFO  o.s.s.web.DefaultSecurityFilterChain - Creating filter chain: Ant [pattern='/decrypt/**'], []
2022-04-25 19:49:14 [main] INFO  o.s.s.web.DefaultSecurityFilterChain - Creating filter chain: any request, [org.springframework.security.web.context.request.async.WebAsyncManagerIntegrationFilter@76220ef1, org.springframework.security.web.context.SecurityContextPersistenceFilter@2b400bd0, org.springframework.security.web.header.HeaderWriterFilter@6ffbf0ac, org.springframework.security.web.csrf.CsrfFilter@546083d6, org.springframework.security.web.authentication.logout.LogoutFilter@7b2d58e6, org.springframework.security.web.authentication.UsernamePasswordAuthenticationFilter@4654e373, org.springframework.security.web.authentication.ui.DefaultLoginPageGeneratingFilter@573870cb, org.springframework.security.web.authentication.ui.DefaultLogoutPageGeneratingFilter@65ad2b42, org.springframework.security.web.authentication.www.BasicAuthenticationFilter@2ec92631, org.springframework.security.web.savedrequest.RequestCacheAwareFilter@79445efb, org.springframework.security.web.servletapi.SecurityContextHolderAwareRequestFilter@3b66ac74, org.springframework.security.web.authentication.AnonymousAuthenticationFilter@294ebe11, org.springframework.security.web.session.SessionManagementFilter@237aa0c7, org.springframework.security.web.access.ExceptionTranslationFilter@1d06801f, org.springframework.security.web.access.intercept.FilterSecurityInterceptor@4bab78ce]
2022-04-25 19:49:14 [main] INFO  o.s.b.a.e.web.EndpointLinksResolver - Exposing 2 endpoint(s) beneath base path '/actuator'
2022-04-25 19:49:14 [main] INFO  o.a.coyote.http11.Http11NioProtocol - Starting ProtocolHandler ["http-nio-8888"]
2022-04-25 19:49:14 [main] INFO  o.s.b.w.e.tomcat.TomcatWebServer - Tomcat started on port(s): 8888 (http) with context path ''
2022-04-25 19:49:14 [main] INFO  c.m.demo.config.server.ConfigServer - Started ConfigServer in 9.85 seconds (JVM running for 12.25)
2022-04-25 19:49:15 [RMI TCP Connection(2)-192.168.1.102] INFO  o.a.c.c.C.[Tomcat].[localhost].[/] - Initializing Spring DispatcherServlet 'dispatcherServlet'
2022-04-25 19:49:15 [RMI TCP Connection(2)-192.168.1.102] INFO  o.s.web.servlet.DispatcherServlet - Initializing Servlet 'dispatcherServlet'
2022-04-25 19:49:15 [RMI TCP Connection(2)-192.168.1.102] INFO  o.s.web.servlet.DispatcherServlet - Completed initialization in 12 ms
2022-04-25 19:49:46 [http-nio-8888-exec-1] INFO  o.s.c.c.s.e.NativeEnvironmentRepository - Adding property source: file:/var/folders/46/x4k83c9576z3jy0glszz3qyr0000gn/T/config-repo-17348288140715767578/config-client-twitter_to_kafka.yml
2022-04-25 19:49:46 [http-nio-8888-exec-1] INFO  o.s.c.c.s.e.NativeEnvironmentRepository - Adding property source: file:/var/folders/46/x4k83c9576z3jy0glszz3qyr0000gn/T/config-repo-17348288140715767578/config-client.yml
2022-04-25 19:50:27 [http-nio-8888-exec-2] INFO  o.s.c.c.s.e.NativeEnvironmentRepository - Adding property source: file:/var/folders/46/x4k83c9576z3jy0glszz3qyr0000gn/T/config-repo-17348288140715767578/config-client.yml
2022-04-25 19:51:45 [http-nio-8888-exec-5] INFO  o.s.c.c.s.e.NativeEnvironmentRepository - Adding property source: file:/var/folders/46/x4k83c9576z3jy0glszz3qyr0000gn/T/config-repo-17348288140715767578/config-client.yml
2022-04-25 20:10:33 [SpringContextShutdownHook] INFO  o.s.s.c.ThreadPoolTaskExecutor - Shutting down ExecutorService 'applicationTaskExecutor'
